E:\Sigma Solve\DRF\drf_project\api\views.py changed, reloading.
Watching for file changes with StatReloader
Method Not Allowed: /offerapi/24/
Offer created successfully
Not Found: /offerapi/24/
Offer updated successfully
Offer listed successfully
Offer listed successfully
E:\Sigma Solve\DRF\drf_project\api\views.py changed, reloading.
Watching for file changes with StatReloader
E:\Sigma Solve\DRF\drf_project\api\views.py changed, reloading.
Watching for file changes with StatReloader
E:\Sigma Solve\DRF\drf_project\api\views.py changed, reloading.
Watching for file changes with StatReloader
E:\Sigma Solve\DRF\drf_project\api\views.py changed, reloading.
Watching for file changes with StatReloader
E:\Sigma Solve\DRF\drf_project\api\views.py changed, reloading.
Watching for file changes with StatReloader
Offer listed successfully
Offer listed successfully
Offer listed successfully
E:\Sigma Solve\DRF\drf_project\api\views.py changed, reloading.
Watching for file changes with StatReloader
Offer listed successfully
Offer listed successfully
E:\Sigma Solve\DRF\drf_project\api\views.py changed, reloading.
Watching for file changes with StatReloader
An error occurred while updating data: No Offer matches the given query.
Bad Request: /offerapi/20/
An error occurred while updating data: No Offer matches the given query.
Bad Request: /offerapi/20/
Offer retrieved successfully
Offer retrieved successfully
Offer retrieved successfully
Offer retrieved successfully
Offer retrieved successfully
Offer retrieved successfully
Offer retrieved successfully
Offer updated successfully
Offer retrieved successfully
Offer retrieved successfully
Offer retrieved successfully
Offer retrieved successfully
Offer retrieved successfully
E:\Sigma Solve\DRF\drf_project\api\views.py changed, reloading.
Watching for file changes with StatReloader
Offer retrieved successfully
E:\Sigma Solve\DRF\drf_project\api\views.py changed, reloading.
Watching for file changes with StatReloader
E:\Sigma Solve\DRF\drf_project\api\views.py changed, reloading.
Watching for file changes with StatReloader
E:\Sigma Solve\DRF\drf_project\api\views.py changed, reloading.
Watching for file changes with StatReloader
Internal Server Error: /offerapi/
Traceback (most recent call last):
  File "E:\Sigma Solve\DRF\drf_project\venv\lib\site-packages\django\core\handlers\exception.py", line 55, in inner
    response = get_response(request)
  File "E:\Sigma Solve\DRF\drf_project\venv\lib\site-packages\django\core\handlers\base.py", line 197, in _get_response
    response = wrapped_callback(request, *callback_args, **callback_kwargs)
  File "E:\Sigma Solve\DRF\drf_project\venv\lib\site-packages\django\views\decorators\csrf.py", line 56, in wrapper_view
    return view_func(*args, **kwargs)
  File "E:\Sigma Solve\DRF\drf_project\venv\lib\site-packages\rest_framework\viewsets.py", line 125, in view
    return self.dispatch(request, *args, **kwargs)
  File "E:\Sigma Solve\DRF\drf_project\venv\lib\site-packages\rest_framework\views.py", line 509, in dispatch
    response = self.handle_exception(exc)
  File "E:\Sigma Solve\DRF\drf_project\venv\lib\site-packages\rest_framework\views.py", line 469, in handle_exception
    self.raise_uncaught_exception(exc)
  File "E:\Sigma Solve\DRF\drf_project\venv\lib\site-packages\rest_framework\views.py", line 480, in raise_uncaught_exception
    raise exc
  File "E:\Sigma Solve\DRF\drf_project\venv\lib\site-packages\rest_framework\views.py", line 506, in dispatch
    response = handler(request, *args, **kwargs)
TypeError: OfferModelViewSet.list() missing 1 required positional argument: 'args'
E:\Sigma Solve\DRF\drf_project\api\views.py changed, reloading.
Watching for file changes with StatReloader
Data listed successfully
E:\Sigma Solve\DRF\drf_project\api\views.py changed, reloading.
Watching for file changes with StatReloader
E:\Sigma Solve\DRF\drf_project\api\views.py changed, reloading.
Watching for file changes with StatReloader
E:\Sigma Solve\DRF\drf_project\api\views.py changed, reloading.
Watching for file changes with StatReloader
E:\Sigma Solve\DRF\drf_project\api\views.py changed, reloading.
Watching for file changes with StatReloader
E:\Sigma Solve\DRF\drf_project\api\views.py changed, reloading.
Watching for file changes with StatReloader
E:\Sigma Solve\DRF\drf_project\api\views.py changed, reloading.
Watching for file changes with StatReloader
An error occurred during listing: 'OfferModelViewSet' object has no attribute 'order_queryset'
Not Found: /offerapi/id/
An error occurred during listing: 'OfferModelViewSet' object has no attribute 'order_queryset'
E:\Sigma Solve\DRF\drf_project\api\views.py changed, reloading.
Watching for file changes with StatReloader
E:\Sigma Solve\DRF\drf_project\api\views.py changed, reloading.
Watching for file changes with StatReloader
An error occurred during listing: object of type 'NoneType' has no len()
An error occurred during listing: object of type 'NoneType' has no len()
An error occurred during listing: object of type 'NoneType' has no len()
An error occurred during listing: object of type 'NoneType' has no len()
E:\Sigma Solve\DRF\drf_project\api\views.py changed, reloading.
Watching for file changes with StatReloader
An error occurred during listing: 'OfferModelViewSet' object has no attribute 'order_queryset'
E:\Sigma Solve\DRF\drf_project\api\views.py changed, reloading.
Watching for file changes with StatReloader
Data listed successfully
Data listed successfully
Data listed successfully
E:\Sigma Solve\DRF\drf_project\api\mypaginations.py changed, reloading.
Watching for file changes with StatReloader
Data listed successfully
Data listed successfully
E:\Sigma Solve\DRF\drf_project\api\views.py changed, reloading.
Watching for file changes with StatReloader
Data listed successfully
Data listed successfully
E:\Sigma Solve\DRF\drf_project\api\views.py changed, reloading.
Watching for file changes with StatReloader
Data listed successfully
Data listed successfully
Data listed successfully
E:\Sigma Solve\DRF\drf_project\api\views.py changed, reloading.
Watching for file changes with StatReloader
Data listed successfully
Data listed successfully
E:\Sigma Solve\DRF\drf_project\api\views.py changed, reloading.
Watching for file changes with StatReloader
Data listed successfully
Data listed successfully
Data listed successfully
Data listed successfully
Data listed successfully
Data listed successfully
Data listed successfully
E:\Sigma Solve\DRF\drf_project\api\mypaginations.py changed, reloading.
Watching for file changes with StatReloader
Data listed successfully
E:\Sigma Solve\DRF\drf_project\api\mypaginations.py changed, reloading.
Watching for file changes with StatReloader
Data listed successfully
Data listed successfully
E:\Sigma Solve\DRF\drf_project\api\mypaginations.py changed, reloading.
Watching for file changes with StatReloader
Data listed successfully
Watching for file changes with StatReloader
Watching for file changes with StatReloader
Data listed successfully
Watching for file changes with StatReloader
Data listed successfully
E:\Sigma Solve\DRF_Offer\DRF\drf_project\api\views.py changed, reloading.
Watching for file changes with StatReloader
Data listed successfully
Data listed successfully
Data listed successfully
Data listed successfully
Data listed successfully
Watching for file changes with StatReloader
Not Found: /favicon.ico
Not Found: /favicon.ico
Data listed successfully
E:\Sigma Solve\DRF_Offer\DRF\drf_project\api\mypaginations.py changed, reloading.
Watching for file changes with StatReloader
Data listed successfully
Data listed successfully
Data listed successfully
Data listed successfully
Data listed successfully
Data listed successfully
Data listed successfully
Data listed successfully
Data listed successfully
Data listed successfully
Data listed successfully
Data listed successfully
Data listed successfully
Data listed successfully
Data listed successfully
Data listed successfully
Data listed successfully
Data listed successfully
Data listed successfully
Data listed successfully
Data listed successfully
Data listed successfully
Data listed successfully
Data listed successfully
Data listed successfully
Data listed successfully
Data listed successfully
Watching for file changes with StatReloader
Data listed successfully
Data listed successfully
Data listed successfully
Data listed successfully
Data listed successfully
E:\Sigma Solve\DRF_Offer\DRF\drf_project\api\views.py changed, reloading.
Watching for file changes with StatReloader
E:\Sigma Solve\DRF_Offer\DRF\drf_project\api\views.py changed, reloading.
Watching for file changes with StatReloader
Watching for file changes with StatReloader
Data listed successfully
Data listed successfully
Importing BlpImagePlugin
Importing BmpImagePlugin
Importing BufrStubImagePlugin
Importing CurImagePlugin
Importing DcxImagePlugin
Importing DdsImagePlugin
Importing EpsImagePlugin
Importing FitsImagePlugin
Importing FliImagePlugin
Importing FpxImagePlugin
Image: failed to import FpxImagePlugin: No module named 'olefile'
Importing FtexImagePlugin
Importing GbrImagePlugin
Importing GifImagePlugin
Importing GribStubImagePlugin
Importing Hdf5StubImagePlugin
Importing IcnsImagePlugin
Importing IcoImagePlugin
Importing ImImagePlugin
Importing ImtImagePlugin
Importing IptcImagePlugin
Importing JpegImagePlugin
Importing Jpeg2KImagePlugin
Importing McIdasImagePlugin
Importing MicImagePlugin
Image: failed to import MicImagePlugin: No module named 'olefile'
Importing MpegImagePlugin
Importing MpoImagePlugin
Importing MspImagePlugin
Importing PalmImagePlugin
Importing PcdImagePlugin
Importing PcxImagePlugin
Importing PdfImagePlugin
Importing PixarImagePlugin
Importing PngImagePlugin
Importing PpmImagePlugin
Importing PsdImagePlugin
Importing QoiImagePlugin
Importing BlpImagePlugin
Importing BmpImagePlugin
Importing BufrStubImagePlugin
Importing CurImagePlugin
Importing DcxImagePlugin
Importing DdsImagePlugin
Importing EpsImagePlugin
Importing FitsImagePlugin
Importing FliImagePlugin
Importing FpxImagePlugin
Importing SgiImagePlugin
Image: failed to import FpxImagePlugin: No module named 'olefile'
Importing FtexImagePlugin
Importing GbrImagePlugin
Importing GifImagePlugin
Importing GribStubImagePlugin
Importing Hdf5StubImagePlugin
Importing IcnsImagePlugin
Importing IcoImagePlugin
Importing ImImagePlugin
Importing ImtImagePlugin
Importing IptcImagePlugin
Importing JpegImagePlugin
Importing Jpeg2KImagePlugin
Importing McIdasImagePlugin
Importing MicImagePlugin
Image: failed to import MicImagePlugin: No module named 'olefile'
Importing MpegImagePlugin
Importing MpoImagePlugin
Importing MspImagePlugin
Importing PalmImagePlugin
Importing PcdImagePlugin
Importing PcxImagePlugin
Importing PdfImagePlugin
Importing PixarImagePlugin
Importing PngImagePlugin
Importing PpmImagePlugin
Importing PsdImagePlugin
Importing QoiImagePlugin
Importing SgiImagePlugin
Importing SpiderImagePlugin
Importing SpiderImagePlugin
Importing SunImagePlugin
Importing SunImagePlugin
Importing TgaImagePlugin
Importing TgaImagePlugin
Importing TiffImagePlugin
Importing TiffImagePlugin
Importing WebPImagePlugin
Importing WebPImagePlugin
Importing WmfImagePlugin
Importing WmfImagePlugin
Importing XbmImagePlugin
Importing XbmImagePlugin
Importing XpmImagePlugin
Importing XpmImagePlugin
Importing XVThumbImagePlugin
Importing XVThumbImagePlugin
Internal Server Error: /admin/api/offer/add/
Traceback (most recent call last):
  File "E:\Sigma Solve\DRF_Offer\DRF\drf_project\venv\lib\site-packages\django\db\backends\utils.py", line 89, in _execute
    return self.cursor.execute(sql, params)
psycopg2.errors.UniqueViolation: duplicate key value violates unique constraint "api_offer_title_f70af947_uniq"
DETAIL:  Key (title)=(Diwali Combo Set) already exists.


The above exception was the direct cause of the following exception:

Traceback (most recent call last):
  File "E:\Sigma Solve\DRF_Offer\DRF\drf_project\venv\lib\site-packages\django\core\handlers\exception.py", line 55, in inner
    response = get_response(request)
  File "E:\Sigma Solve\DRF_Offer\DRF\drf_project\venv\lib\site-packages\django\core\handlers\base.py", line 197, in _get_response
    response = wrapped_callback(request, *callback_args, **callback_kwargs)
  File "E:\Sigma Solve\DRF_Offer\DRF\drf_project\venv\lib\site-packages\django\contrib\admin\options.py", line 688, in wrapper
    return self.admin_site.admin_view(view)(*args, **kwargs)
  File "E:\Sigma Solve\DRF_Offer\DRF\drf_project\venv\lib\site-packages\django\utils\decorators.py", line 134, in _wrapper_view
    response = view_func(request, *args, **kwargs)
  File "E:\Sigma Solve\DRF_Offer\DRF\drf_project\venv\lib\site-packages\django\views\decorators\cache.py", line 62, in _wrapper_view_func
    response = view_func(request, *args, **kwargs)
  File "E:\Sigma Solve\DRF_Offer\DRF\drf_project\venv\lib\site-packages\django\contrib\admin\sites.py", line 242, in inner
    return view(request, *args, **kwargs)
  File "E:\Sigma Solve\DRF_Offer\DRF\drf_project\venv\lib\site-packages\django\contrib\admin\options.py", line 1886, in add_view
    return self.changeform_view(request, None, form_url, extra_context)
  File "E:\Sigma Solve\DRF_Offer\DRF\drf_project\venv\lib\site-packages\django\utils\decorators.py", line 46, in _wrapper
    return bound_method(*args, **kwargs)
  File "E:\Sigma Solve\DRF_Offer\DRF\drf_project\venv\lib\site-packages\django\utils\decorators.py", line 134, in _wrapper_view
    response = view_func(request, *args, **kwargs)
  File "E:\Sigma Solve\DRF_Offer\DRF\drf_project\venv\lib\site-packages\django\contrib\admin\options.py", line 1747, in changeform_view
    return self._changeform_view(request, object_id, form_url, extra_context)
  File "E:\Sigma Solve\DRF_Offer\DRF\drf_project\venv\lib\site-packages\django\contrib\admin\options.py", line 1798, in _changeform_view
    self.save_model(request, new_object, form, not add)
  File "E:\Sigma Solve\DRF_Offer\DRF\drf_project\venv\lib\site-packages\django\contrib\admin\options.py", line 1227, in save_model
    obj.save()
  File "E:\Sigma Solve\DRF_Offer\DRF\drf_project\venv\lib\site-packages\django\db\models\base.py", line 814, in save
    self.save_base(
  File "E:\Sigma Solve\DRF_Offer\DRF\drf_project\venv\lib\site-packages\django\db\models\base.py", line 877, in save_base
    updated = self._save_table(
  File "E:\Sigma Solve\DRF_Offer\DRF\drf_project\venv\lib\site-packages\django\db\models\base.py", line 1020, in _save_table
    results = self._do_insert(
  File "E:\Sigma Solve\DRF_Offer\DRF\drf_project\venv\lib\site-packages\django\db\models\base.py", line 1061, in _do_insert
    return manager._insert(
  File "E:\Sigma Solve\DRF_Offer\DRF\drf_project\venv\lib\site-packages\django\db\models\manager.py", line 87, in manager_method
    return getattr(self.get_queryset(), name)(*args, **kwargs)
  File "E:\Sigma Solve\DRF_Offer\DRF\drf_project\venv\lib\site-packages\django\db\models\query.py", line 1805, in _insert
    return query.get_compiler(using=using).execute_sql(returning_fields)
  File "E:\Sigma Solve\DRF_Offer\DRF\drf_project\venv\lib\site-packages\django\db\models\sql\compiler.py", line 1822, in execute_sql
    cursor.execute(sql, params)
  File "E:\Sigma Solve\DRF_Offer\DRF\drf_project\venv\lib\site-packages\django\db\backends\utils.py", line 102, in execute
    return super().execute(sql, params)
  File "E:\Sigma Solve\DRF_Offer\DRF\drf_project\venv\lib\site-packages\django\db\backends\utils.py", line 67, in execute
    return self._execute_with_wrappers(
  File "E:\Sigma Solve\DRF_Offer\DRF\drf_project\venv\lib\site-packages\django\db\backends\utils.py", line 80, in _execute_with_wrappers
    return executor(sql, params, many, context)
  File "E:\Sigma Solve\DRF_Offer\DRF\drf_project\venv\lib\site-packages\django\db\backends\utils.py", line 84, in _execute
    with self.db.wrap_database_errors:
  File "E:\Sigma Solve\DRF_Offer\DRF\drf_project\venv\lib\site-packages\django\db\utils.py", line 91, in __exit__
    raise dj_exc_value.with_traceback(traceback) from exc_value
  File "E:\Sigma Solve\DRF_Offer\DRF\drf_project\venv\lib\site-packages\django\db\backends\utils.py", line 89, in _execute
    return self.cursor.execute(sql, params)
django.db.utils.IntegrityError: duplicate key value violates unique constraint "api_offer_title_f70af947_uniq"
DETAIL:  Key (title)=(Diwali Combo Set) already exists.

STREAM b'IHDR' 16 13
STREAM b'PLTE' 41 336
STREAM b'IDAT' 389 4456
Data listed successfully
Data listed successfully
